TN:
SF:src/api/controllers/greeting.ts
FN:4,hello
FN:9,goodbye
FNF:2
FNH:2
FNDA:2,hello
FNDA:1,goodbye
DA:2,3
DA:4,3
DA:5,2
DA:6,2
DA:9,3
DA:10,1
DA:11,1
LF:7
LH:7
BRDA:5,0,0,2
BRDA:5,0,1,1
BRF:2
BRH:2
end_of_record
TN:
SF:src/api/controllers/index.ts
FNF:0
FNH:0
DA:1,3
DA:2,3
LF:2
LH:2
BRF:0
BRH:0
end_of_record
TN:
SF:src/api/controllers/user.ts
FN:7,login
FN:11,(anonymous_2)
FN:23,(anonymous_3)
FN:29,auth
FN:32,(anonymous_5)
FN:42,(anonymous_6)
FN:47,createUser
FN:51,(anonymous_8)
FN:62,(anonymous_9)
FNF:9
FNH:9
FNDA:3,login
FNDA:3,(anonymous_2)
FNDA:1,(anonymous_3)
FNDA:3,auth
FNDA:2,(anonymous_5)
FNDA:1,(anonymous_6)
FNDA:4,createUser
FNDA:4,(anonymous_8)
FNDA:1,(anonymous_9)
DA:3,3
DA:4,3
DA:5,3
DA:7,3
DA:8,3
DA:10,3
DA:12,3
DA:13,2
DA:14,1
DA:16,1
DA:19,1
DA:20,1
DA:24,1
DA:25,1
DA:29,3
DA:30,3
DA:31,3
DA:33,2
DA:34,1
DA:37,1
DA:39,1
DA:43,1
DA:47,3
DA:48,4
DA:50,4
DA:52,4
DA:53,2
DA:54,1
DA:56,1
DA:59,2
DA:63,1
DA:64,1
LF:32
LH:32
BRDA:12,0,0,2
BRDA:12,0,1,1
BRDA:13,1,0,1
BRDA:13,1,1,1
BRDA:33,2,0,1
BRDA:33,2,1,1
BRDA:52,3,0,2
BRDA:52,3,1,2
BRDA:53,4,0,1
BRDA:53,4,1,1
BRF:10
BRH:10
end_of_record
TN:
SF:src/api/models/user.ts
FN:26,(anonymous_1)
FN:29,(anonymous_2)
FN:32,(anonymous_3)
FN:45,(anonymous_4)
FN:53,(anonymous_5)
FN:55,(anonymous_6)
FN:56,(anonymous_7)
FNF:7
FNH:7
FNDA:25,(anonymous_1)
FNDA:24,(anonymous_2)
FNDA:24,(anonymous_3)
FNDA:1,(anonymous_4)
FNDA:9,(anonymous_5)
FNDA:9,(anonymous_6)
FNDA:9,(anonymous_7)
DA:1,6
DA:2,6
DA:4,6
DA:18,6
DA:26,25
DA:27,25
DA:29,24
DA:32,24
DA:35,24
DA:36,24
DA:40,1
DA:44,6
DA:46,1
DA:47,1
DA:48,1
DA:49,1
DA:53,6
DA:54,9
DA:55,9
DA:56,9
DA:59,9
DA:68,6
DA:70,6
LF:23
LH:23
BRDA:27,0,0,24
BRDA:27,0,1,1
BRF:2
BRH:2
end_of_record
TN:
SF:src/api/services/user.ts
FN:27,auth
FN:28,(anonymous_15)
FN:30,(anonymous_16)
FN:43,createUser
FN:44,(anonymous_20)
FN:47,(anonymous_21)
FN:50,(anonymous_22)
FN:61,createAuthToken
FN:62,(anonymous_24)
FN:63,(anonymous_25)
FN:76,login
FNF:11
FNH:11
FNDA:10707,auth
FNDA:10707,(anonymous_15)
FNDA:10707,(anonymous_16)
FNDA:7,createUser
FNDA:7,(anonymous_20)
FNDA:4,(anonymous_21)
FNDA:3,(anonymous_22)
FNDA:6,createAuthToken
FNDA:6,(anonymous_24)
FNDA:6,(anonymous_25)
FNDA:6,login
DA:1,5
DA:2,5
DA:4,5
DA:5,5
DA:6,5
DA:13,5
DA:14,5
DA:18,5
DA:22,5
DA:23,5
DA:28,10707
DA:29,10707
DA:30,10707
DA:31,10707
DA:32,10705
DA:33,10705
DA:34,10705
DA:35,10705
DA:38,2
DA:44,7
DA:45,7
DA:46,7
DA:48,4
DA:51,3
DA:52,2
DA:54,1
DA:55,1
DA:62,6
DA:63,6
DA:64,6
DA:65,5
DA:66,5
DA:67,5
DA:68,5
DA:70,1
DA:78,6
DA:79,6
DA:80,2
DA:83,4
DA:84,4
DA:85,1
DA:88,3
DA:89,2
DA:91,1
DA:92,1
DA:96,5
LF:46
LH:46
BRDA:31,0,0,10705
BRDA:31,0,1,2
BRDA:31,1,0,10707
BRDA:31,1,1,10705
BRDA:33,2,0,10705
BRDA:33,2,1,0
BRDA:51,3,0,2
BRDA:51,3,1,1
BRDA:64,4,0,5
BRDA:64,4,1,1
BRDA:64,5,0,6
BRDA:64,5,1,5
BRDA:79,6,0,2
BRDA:79,6,1,4
BRDA:84,7,0,1
BRDA:84,7,1,3
BRF:16
BRH:15
end_of_record
TN:
SF:src/config/index.ts
FNF:0
FNH:0
DA:1,7
DA:2,7
DA:4,7
DA:14,7
DA:32,7
DA:47,7
LF:6
LH:6
BRF:0
BRH:0
end_of_record
TN:
SF:src/tests/user.ts
FN:9,dummy
FN:17,createDummy
FN:24,createDummyAndAuthorize
FNF:3
FNH:3
FNDA:7,dummy
FNDA:7,createDummy
FNDA:3,createDummyAndAuthorize
DA:1,4
DA:3,4
DA:4,4
DA:9,4
DA:10,7
DA:17,4
DA:18,7
DA:19,7
DA:20,14
DA:21,7
DA:24,4
DA:25,3
DA:26,3
DA:27,3
LF:14
LH:14
BRDA:25,0,0,3
BRF:1
BRH:1
end_of_record
TN:
SF:src/utils/express.ts
FN:4,writeJsonResponse
FNF:1
FNH:1
FNDA:12,writeJsonResponse
DA:4,3
DA:5,12
DA:6,12
DA:7,12
LF:4
LH:4
BRDA:5,0,0,12
BRDA:5,0,1,0
BRF:2
BRH:1
end_of_record
TN:
SF:src/utils/server.ts
FN:15,createServer
FN:48,(anonymous_23)
FN:59,(anonymous_24)
FN:61,(anonymous_25)
FNF:4
FNH:4
FNDA:3,createServer
FNDA:4,(anonymous_23)
FNDA:12,(anonymous_24)
FNDA:15,(anonymous_25)
DA:1,3
DA:2,3
DA:3,3
DA:5,3
DA:6,3
DA:7,3
DA:8,3
DA:10,3
DA:11,3
DA:12,3
DA:13,3
DA:15,3
DA:16,3
DA:17,3
DA:18,3
DA:19,3
DA:21,3
DA:24,3
DA:39,3
DA:45,3
DA:48,3
DA:49,4
DA:58,3
DA:60,12
DA:61,15
DA:68,3
DA:70,3
LF:27
LH:27
BRF:0
BRH:0
end_of_record
